<?xml version="1.0" encoding="UTF-8"?>
<!-- Generated by org.testng.reporters.JUnitXMLReporter -->
<testsuite ignored="0" hostname="YazhmozhiSelvan" failures="0" tests="3" name="Swiggy Application Test Cases" time="39.525" errors="0" timestamp="2022-07-25T15:20:25 IST">
  <testcase classname="com.qa.swiggy.test.LoginPageTest" name="ClickCreateAnAccountTest" time="1.021"/>
  <testcase classname="com.qa.swiggy.test.LoginPageTest" name="loginPageInvalidPhoneNumberTest" time="0.762"/>
  <testcase classname="com.qa.swiggy.test.LoginPageTest" name="loginPageValidPhoneNumberTest" time="0.71"/>
</testsuite> <!-- Swiggy Application Test Cases -->
